# JRE version: OpenJDK Runtime Environment Microsoft-8035250 (11.0.20+8) (build 11.0.20+8-LTS)
# Java VM: OpenJDK 64-Bit Server VM Microsoft-8035250 (11.0.20+8-LTS, mixed mode, tiered, compressed oops, g1 gc, windows-amd64)
Heap:
 garbage-first heap   total 260096K, used 159677K [0x0000000080000000, 0x0000000100000000)
  region size 1024K, 100 young (102400K), 15 survivors (15360K)
 Metaspace       used 84494K, capacity 87034K, committed 87304K, reserved 591872K
  class space    used 10934K, capacity 11970K, committed 12032K, reserved 516096K
GC Heap History (20 events):
Event: 2.141 GC heap before
{Heap before GC invocations=1 (full 0):
 garbage-first heap   total 260096K, used 102305K [0x0000000080000000, 0x0000000100000000)
  region size 1024K, 93 young (95232K), 3 survivors (3072K)
 Metaspace       used 20752K, capacity 21123K, committed 21296K, reserved 536576K
  class space    used 2452K, capacity 2607K, committed 2688K, reserved 516096K
}
Event: 2.148 GC heap after
{Heap after GC invocations=2 (full 0):
 garbage-first heap   total 260096K, used 18177K [0x0000000080000000, 0x0000000100000000)
  region size 1024K, 11 young (11264K), 11 survivors (11264K)
 Metaspace       used 20752K, capacity 21123K, committed 21296K, reserved 536576K
  class space    used 2452K, capacity 2607K, committed 2688K, reserved 516096K
}
Event: 2.429 GC heap before
{Heap before GC invocations=3 (full 0):
 garbage-first heap   total 260096K, used 49921K [0x0000000080000000, 0x0000000100000000)
  region size 1024K, 42 young (43008K), 11 survivors (11264K)
 Metaspace       used 23994K, capacity 24588K, committed 24880K, reserved 538624K
  class space    used 2962K, capacity 3170K, committed 3200K, reserved 516096K
}
Event: 2.433 GC heap after
{Heap after GC invocations=4 (full 0):
 garbage-first heap   total 260096K, used 19189K [0x0000000080000000, 0x0000000100000000)
  region size 1024K, 2 young (2048K), 2 survivors (2048K)
 Metaspace       used 23994K, capacity 24588K, committed 24880K, reserved 538624K
  class space    used 2962K, capacity 3170K, committed 3200K, reserved 516096K
}
Event: 3.142 GC heap before
{Heap before GC invocations=4 (full 0):
 garbage-first heap   total 260096K, used 107253K [0x0000000080000000, 0x0000000100000000)
  region size 1024K, 88 young (90112K), 2 survivors (2048K)
 Metaspace       used 31880K, capacity 32637K, committed 32816K, reserved 544768K
  class space    used 4185K, capacity 4477K, committed 4480K, reserved 516096K
}
Event: 3.145 GC heap after
{Heap after GC invocations=5 (full 0):
 garbage-first heap   total 260096K, used 21759K [0x0000000080000000, 0x0000000100000000)
  region size 1024K, 4 young (4096K), 4 survivors (4096K)
 Metaspace       used 31880K, capacity 32637K, committed 32816K, reserved 544768K
  class space    used 4185K, capacity 4477K, committed 4480K, reserved 516096K
}
Event: 3.454 GC heap before
{Heap before GC invocations=5 (full 0):
 garbage-first heap   total 260096K, used 34047K [0x0000000080000000, 0x0000000100000000)
  region size 1024K, 17 young (17408K), 4 survivors (4096K)
 Metaspace       used 34985K, capacity 35814K, committed 35920K, reserved 548864K
  class space    used 4463K, capacity 4813K, committed 4864K, reserved 516096K
}
Event: 3.464 GC heap after
{Heap after GC invocations=6 (full 0):
 garbage-first heap   total 260096K, used 23568K [0x0000000080000000, 0x0000000100000000)
  region size 1024K, 6 young (6144K), 6 survivors (6144K)
 Metaspace       used 34985K, capacity 35814K, committed 35920K, reserved 548864K
  class space    used 4463K, capacity 4813K, committed 4864K, reserved 516096K
}
Event: 6.378 GC heap before
{Heap before GC invocations=7 (full 0):
 garbage-first heap   total 260096K, used 125968K [0x0000000080000000, 0x0000000100000000)
  region size 1024K, 104 young (106496K), 6 survivors (6144K)
 Metaspace       used 43077K, capacity 44345K, committed 44496K, reserved 555008K
  class space    used 5444K, capacity 5915K, committed 6016K, reserved 516096K
}
Event: 6.390 GC heap after
{Heap after GC invocations=8 (full 0):
 garbage-first heap   total 260096K, used 30658K [0x0000000080000000, 0x0000000100000000)
  region size 1024K, 13 young (13312K), 13 survivors (13312K)
 Metaspace       used 43077K, capacity 44345K, committed 44496K, reserved 555008K
  class space    used 5444K, capacity 5915K, committed 6016K, reserved 516096K
}
Event: 7.343 GC heap before
{Heap before GC invocations=8 (full 0):
 garbage-first heap   total 260096K, used 139202K [0x0000000080000000, 0x0000000100000000)
  region size 1024K, 118 young (120832K), 13 survivors (13312K)
 Metaspace       used 51495K, capacity 52989K, committed 53200K, reserved 563200K
  class space    used 6624K, capacity 7220K, committed 7296K, reserved 516096K
}
Event: 7.352 GC heap after
{Heap after GC invocations=9 (full 0):
 garbage-first heap   total 260096K, used 34120K [0x0000000080000000, 0x0000000100000000)
  region size 1024K, 11 young (11264K), 11 survivors (11264K)
 Metaspace       used 51495K, capacity 52989K, committed 53200K, reserved 563200K
  class space    used 6624K, capacity 7220K, committed 7296K, reserved 516096K
}
Event: 8.267 GC heap before
{Heap before GC invocations=9 (full 0):
 garbage-first heap   total 260096K, used 115016K [0x0000000080000000, 0x0000000100000000)
  region size 1024K, 86 young (88064K), 11 survivors (11264K)
 Metaspace       used 58473K, capacity 60181K, committed 60296K, reserved 569344K
  class space    used 7567K, capacity 8277K, committed 8320K, reserved 516096K
}
Event: 8.284 GC heap after
{Heap after GC invocations=10 (full 0):
 garbage-first heap   total 260096K, used 45125K [0x0000000080000000, 0x0000000100000000)
  region size 1024K, 9 young (9216K), 9 survivors (9216K)
 Metaspace       used 58473K, capacity 60181K, committed 60296K, reserved 569344K
  class space    used 7567K, capacity 8277K, committed 8320K, reserved 516096K
}
Event: 9.807 GC heap before
{Heap before GC invocations=11 (full 0):
 garbage-first heap   total 260096K, used 177221K [0x0000000080000000, 0x0000000100000000)
  region size 1024K, 138 young (141312K), 9 survivors (9216K)
 Metaspace       used 67601K, capacity 69633K, committed 69896K, reserved 577536K
  class space    used 8819K, capacity 9643K, committed 9728K, reserved 516096K
}
Event: 9.819 GC heap after
{Heap after GC invocations=12 (full 0):
 garbage-first heap   total 260096K, used 50478K [0x0000000080000000, 0x0000000100000000)
  region size 1024K, 14 young (14336K), 14 survivors (14336K)
 Metaspace       used 67601K, capacity 69633K, committed 69896K, reserved 577536K
  class space    used 8819K, capacity 9643K, committed 9728K, reserved 516096K
}
Event: 11.249 GC heap before
{Heap before GC invocations=12 (full 0):
 garbage-first heap   total 260096K, used 94510K [0x0000000080000000, 0x0000000100000000)
  region size 1024K, 59 young (60416K), 14 survivors (14336K)
 Metaspace       used 70488K, capacity 72668K, committed 72840K, reserved 579584K
  class space    used 9205K, capacity 10085K, committed 10112K, reserved 516096K
}
Event: 11.267 GC heap after
{Heap after GC invocations=13 (full 0):
 garbage-first heap   total 260096K, used 55235K [0x0000000080000000, 0x0000000100000000)
  region size 1024K, 11 young (11264K), 11 survivors (11264K)
 Metaspace       used 70488K, capacity 72668K, committed 72840K, reserved 579584K
  class space    used 9205K, capacity 10085K, committed 10112K, reserved 516096K
}
Event: 13.851 GC heap before
{Heap before GC invocations=14 (full 0):
 garbage-first heap   total 260096K, used 169923K [0x0000000080000000, 0x0000000100000000)
  region size 1024K, 116 young (118784K), 11 survivors (11264K)
 Metaspace       used 79075K, capacity 81437K, committed 81672K, reserved 587776K
  class space    used 10189K, capacity 11163K, committed 11264K, reserved 516096K
}
Event: 13.862 GC heap after
{Heap after GC invocations=15 (full 0):
 garbage-first heap   total 260096K, used 71613K [0x0000000080000000, 0x0000000100000000)
  region size 1024K, 15 young (15360K), 15 survivors (15360K)
 Metaspace       used 79075K, capacity 81437K, committed 81672K, reserved 587776K
  class space    used 10189K, capacity 11163K, committed 11264K, reserved 516096K
}

